2026-03-02 12:54:25 -08:00: D:\Mono5\node_modules\.bin\tsx:2
2026-03-02 12:54:25 -08:00: basedir=$(dirname "$(echo "$0" | sed -e 's,\\,/,g')")
2026-03-02 12:54:25 -08:00:           ^^^^^^^
2026-03-02 12:54:25 -08:00: 
2026-03-02 12:54:25 -08:00: SyntaxError: missing ) after argument list
2026-03-02 12:54:25 -08:00:     at wrapSafe (node:internal/modules/cjs/loader:1692:18)
2026-03-02 12:54:25 -08:00:     at Module._compile (node:internal/modules/cjs/loader:1735:20)
2026-03-02 12:54:25 -08:00:     at Object..js (node:internal/modules/cjs/loader:1893:10)
2026-03-02 12:54:25 -08:00:     at Module.load (node:internal/modules/cjs/loader:1481:32)
2026-03-02 12:54:25 -08:00:     at Module._load (node:internal/modules/cjs/loader:1300:12)
2026-03-02 12:54:25 -08:00:     at TracingChannel.traceSync (node:diagnostics_channel:328:14)
2026-03-02 12:54:25 -08:00:     at wrapModuleLoad (node:internal/modules/cjs/loader:245:24)
2026-03-02 12:54:25 -08:00:     at Module.executeUserEntryPoint [as runMain] (node:internal/modules/run_main:154:5)
2026-03-02 12:54:25 -08:00:     at node:internal/main/run_main_module:33:47
2026-03-02 12:54:25 -08:00: 
2026-03-02 12:54:25 -08:00: Node.js v24.13.0
2026-03-02 12:54:26 -08:00: D:\Mono5\node_modules\.bin\tsx:2
2026-03-02 12:54:26 -08:00: basedir=$(dirname "$(echo "$0" | sed -e 's,\\,/,g')")
2026-03-02 12:54:26 -08:00:           ^^^^^^^
2026-03-02 12:54:26 -08:00: 
2026-03-02 12:54:26 -08:00: SyntaxError: missing ) after argument list
2026-03-02 12:54:26 -08:00:     at wrapSafe (node:internal/modules/cjs/loader:1692:18)
2026-03-02 12:54:26 -08:00:     at Module._compile (node:internal/modules/cjs/loader:1735:20)
2026-03-02 12:54:26 -08:00:     at Object..js (node:internal/modules/cjs/loader:1893:10)
2026-03-02 12:54:26 -08:00:     at Module.load (node:internal/modules/cjs/loader:1481:32)
2026-03-02 12:54:26 -08:00:     at Module._load (node:internal/modules/cjs/loader:1300:12)
2026-03-02 12:54:26 -08:00:     at TracingChannel.traceSync (node:diagnostics_channel:328:14)
2026-03-02 12:54:26 -08:00:     at wrapModuleLoad (node:internal/modules/cjs/loader:245:24)
2026-03-02 12:54:26 -08:00:     at Module.executeUserEntryPoint [as runMain] (node:internal/modules/run_main:154:5)
2026-03-02 12:54:26 -08:00:     at node:internal/main/run_main_module:33:47
2026-03-02 12:54:26 -08:00: 
2026-03-02 12:54:26 -08:00: Node.js v24.13.0
2026-03-02 12:54:27 -08:00: D:\Mono5\node_modules\.bin\tsx:2
2026-03-02 12:54:27 -08:00: basedir=$(dirname "$(echo "$0" | sed -e 's,\\,/,g')")
2026-03-02 12:54:27 -08:00:           ^^^^^^^
2026-03-02 12:54:27 -08:00: 
2026-03-02 12:54:27 -08:00: SyntaxError: missing ) after argument list
2026-03-02 12:54:27 -08:00:     at wrapSafe (node:internal/modules/cjs/loader:1692:18)
2026-03-02 12:54:27 -08:00:     at Module._compile (node:internal/modules/cjs/loader:1735:20)
2026-03-02 12:54:27 -08:00:     at Object..js (node:internal/modules/cjs/loader:1893:10)
2026-03-02 12:54:27 -08:00:     at Module.load (node:internal/modules/cjs/loader:1481:32)
2026-03-02 12:54:27 -08:00:     at Module._load (node:internal/modules/cjs/loader:1300:12)
2026-03-02 12:54:27 -08:00:     at TracingChannel.traceSync (node:diagnostics_channel:328:14)
2026-03-02 12:54:27 -08:00:     at wrapModuleLoad (node:internal/modules/cjs/loader:245:24)
2026-03-02 12:54:27 -08:00:     at Module.executeUserEntryPoint [as runMain] (node:internal/modules/run_main:154:5)
2026-03-02 12:54:27 -08:00:     at node:internal/main/run_main_module:33:47
2026-03-02 12:54:27 -08:00: 
2026-03-02 12:54:27 -08:00: Node.js v24.13.0
2026-03-02 12:54:30 -08:00: D:\Mono5\node_modules\.bin\tsx:2
2026-03-02 12:54:30 -08:00: basedir=$(dirname "$(echo "$0" | sed -e 's,\\,/,g')")
2026-03-02 12:54:30 -08:00:           ^^^^^^^
2026-03-02 12:54:30 -08:00: 
2026-03-02 12:54:30 -08:00: SyntaxError: missing ) after argument list
2026-03-02 12:54:30 -08:00:     at wrapSafe (node:internal/modules/cjs/loader:1692:18)
2026-03-02 12:54:30 -08:00:     at Module._compile (node:internal/modules/cjs/loader:1735:20)
2026-03-02 12:54:30 -08:00:     at Object..js (node:internal/modules/cjs/loader:1893:10)
2026-03-02 12:54:30 -08:00:     at Module.load (node:internal/modules/cjs/loader:1481:32)
2026-03-02 12:54:30 -08:00:     at Module._load (node:internal/modules/cjs/loader:1300:12)
2026-03-02 12:54:30 -08:00:     at TracingChannel.traceSync (node:diagnostics_channel:328:14)
2026-03-02 12:54:30 -08:00:     at wrapModuleLoad (node:internal/modules/cjs/loader:245:24)
2026-03-02 12:54:30 -08:00:     at Module.executeUserEntryPoint [as runMain] (node:internal/modules/run_main:154:5)
2026-03-02 12:54:30 -08:00:     at node:internal/main/run_main_module:33:47
2026-03-02 12:54:30 -08:00: 
2026-03-02 12:54:30 -08:00: Node.js v24.13.0
2026-03-02 12:54:33 -08:00: D:\Mono5\node_modules\.bin\tsx:2
2026-03-02 12:54:33 -08:00: basedir=$(dirname "$(echo "$0" | sed -e 's,\\,/,g')")
2026-03-02 12:54:33 -08:00:           ^^^^^^^
2026-03-02 12:54:33 -08:00: 
2026-03-02 12:54:33 -08:00: SyntaxError: missing ) after argument list
2026-03-02 12:54:33 -08:00:     at wrapSafe (node:internal/modules/cjs/loader:1692:18)
2026-03-02 12:54:33 -08:00:     at Module._compile (node:internal/modules/cjs/loader:1735:20)
2026-03-02 12:54:33 -08:00:     at Object..js (node:internal/modules/cjs/loader:1893:10)
2026-03-02 12:54:33 -08:00:     at Module.load (node:internal/modules/cjs/loader:1481:32)
2026-03-02 12:54:33 -08:00:     at Module._load (node:internal/modules/cjs/loader:1300:12)
2026-03-02 12:54:33 -08:00:     at TracingChannel.traceSync (node:diagnostics_channel:328:14)
2026-03-02 12:54:33 -08:00:     at wrapModuleLoad (node:internal/modules/cjs/loader:245:24)
2026-03-02 12:54:33 -08:00:     at Module.executeUserEntryPoint [as runMain] (node:internal/modules/run_main:154:5)
2026-03-02 12:54:33 -08:00:     at node:internal/main/run_main_module:33:47
2026-03-02 12:54:33 -08:00: 
2026-03-02 12:54:33 -08:00: Node.js v24.13.0
2026-03-02 12:54:38 -08:00: D:\Mono5\node_modules\.bin\tsx:2
2026-03-02 12:54:38 -08:00: basedir=$(dirname "$(echo "$0" | sed -e 's,\\,/,g')")
2026-03-02 12:54:38 -08:00:           ^^^^^^^
2026-03-02 12:54:38 -08:00: 
2026-03-02 12:54:38 -08:00: SyntaxError: missing ) after argument list
2026-03-02 12:54:38 -08:00:     at wrapSafe (node:internal/modules/cjs/loader:1692:18)
2026-03-02 12:54:38 -08:00:     at Module._compile (node:internal/modules/cjs/loader:1735:20)
2026-03-02 12:54:38 -08:00:     at Object..js (node:internal/modules/cjs/loader:1893:10)
2026-03-02 12:54:38 -08:00:     at Module.load (node:internal/modules/cjs/loader:1481:32)
2026-03-02 12:54:38 -08:00:     at Module._load (node:internal/modules/cjs/loader:1300:12)
2026-03-02 12:54:38 -08:00:     at TracingChannel.traceSync (node:diagnostics_channel:328:14)
2026-03-02 12:54:38 -08:00:     at wrapModuleLoad (node:internal/modules/cjs/loader:245:24)
2026-03-02 12:54:38 -08:00:     at Module.executeUserEntryPoint [as runMain] (node:internal/modules/run_main:154:5)
2026-03-02 12:54:38 -08:00:     at node:internal/main/run_main_module:33:47
2026-03-02 12:54:38 -08:00: 
2026-03-02 12:54:38 -08:00: Node.js v24.13.0
2026-03-02 12:55:12 -08:00: [db] DATABASE_URL not set — running in-memory mode
2026-03-02 12:55:22 -08:00: 
2026-03-02 12:55:22 -08:00: A PostCSS plugin did not pass the `from` option to `postcss.parse`. This may cause imported assets to be incorrectly transformed. If you've recently added a PostCSS plugin that raised this warning, please contact the package author to fix the issue.
2026-03-02 13:00:50 -08:00: [db] DATABASE_URL not set — running in-memory mode
2026-03-02 13:01:00 -08:00: 
2026-03-02 13:01:00 -08:00: A PostCSS plugin did not pass the `from` option to `postcss.parse`. This may cause imported assets to be incorrectly transformed. If you've recently added a PostCSS plugin that raised this warning, please contact the package author to fix the issue.
2026-03-04 10:37:03 -08:00: [db] DATABASE_URL not set — running in-memory mode
2026-03-04 10:37:13 -08:00: 
2026-03-04 10:37:13 -08:00: A PostCSS plugin did not pass the `from` option to `postcss.parse`. This may cause imported assets to be incorrectly transformed. If you've recently added a PostCSS plugin that raised this warning, please contact the package author to fix the issue.
2026-03-04 12:33:38 -08:00: [db] DATABASE_URL not set — running in-memory mode
2026-03-04 12:33:48 -08:00: 
2026-03-04 12:33:48 -08:00: A PostCSS plugin did not pass the `from` option to `postcss.parse`. This may cause imported assets to be incorrectly transformed. If you've recently added a PostCSS plugin that raised this warning, please contact the package author to fix the issue.
2026-03-04 12:51:42 -08:00: [db] DATABASE_URL not set — running in-memory mode
2026-03-04 12:51:50 -08:00: 
2026-03-04 12:51:50 -08:00: A PostCSS plugin did not pass the `from` option to `postcss.parse`. This may cause imported assets to be incorrectly transformed. If you've recently added a PostCSS plugin that raised this warning, please contact the package author to fix the issue.
2026-03-06 14:42:58 -08:00: [db] DATABASE_URL not set — running in-memory mode
2026-03-06 14:43:08 -08:00: 
2026-03-06 14:43:08 -08:00: A PostCSS plugin did not pass the `from` option to `postcss.parse`. This may cause imported assets to be incorrectly transformed. If you've recently added a PostCSS plugin that raised this warning, please contact the package author to fix the issue.
2026-03-06 14:53:51 -08:00: [db] DATABASE_URL not set — running in-memory mode
2026-03-06 14:53:52 -08:00: 
2026-03-06 14:53:52 -08:00: A PostCSS plugin did not pass the `from` option to `postcss.parse`. This may cause imported assets to be incorrectly transformed. If you've recently added a PostCSS plugin that raised this warning, please contact the package author to fix the issue.
2026-03-08 10:08:32 -07:00: [db] DATABASE_URL not set — running in-memory mode
2026-03-08 10:08:42 -07:00: 
2026-03-08 10:08:42 -07:00: A PostCSS plugin did not pass the `from` option to `postcss.parse`. This may cause imported assets to be incorrectly transformed. If you've recently added a PostCSS plugin that raised this warning, please contact the package author to fix the issue.
2026-03-08 14:05:11 -07:00: [db] DATABASE_URL not set — running in-memory mode
2026-03-08 14:05:21 -07:00: 
2026-03-08 14:05:21 -07:00: A PostCSS plugin did not pass the `from` option to `postcss.parse`. This may cause imported assets to be incorrectly transformed. If you've recently added a PostCSS plugin that raised this warning, please contact the package author to fix the issue.
2026-03-08 14:06:35 -07:00: [db] DATABASE_URL not set — running in-memory mode
2026-03-08 14:06:45 -07:00: 
2026-03-08 14:06:45 -07:00: A PostCSS plugin did not pass the `from` option to `postcss.parse`. This may cause imported assets to be incorrectly transformed. If you've recently added a PostCSS plugin that raised this warning, please contact the package author to fix the issue.
2026-03-08 14:07:10 -07:00: [db] DATABASE_URL not set — running in-memory mode
2026-03-08 14:07:15 -07:00: [db] DATABASE_URL not set — running in-memory mode
2026-03-08 14:07:18 -07:00: [db] DATABASE_URL not set — running in-memory mode
2026-03-08 14:07:27 -07:00: 
2026-03-08 14:07:27 -07:00: A PostCSS plugin did not pass the `from` option to `postcss.parse`. This may cause imported assets to be incorrectly transformed. If you've recently added a PostCSS plugin that raised this warning, please contact the package author to fix the issue.
