[db] DATABASE_URL not set — running in-memory mode
[UNCAUGHT EXCEPTION #1]: listen EADDRINUSE: address already in use :::5000
Error: listen EADDRINUSE: address already in use :::5000
    at Server.setupListenHandle [as _listen2] (node:net:1940:16)
    at listenInCluster (node:net:1997:12)
    at Server.listen (node:net:2102:7)
    at <anonymous> (D:\Mono5\server\index.ts:151:14)
[21:06:39.432] ❌ [server] Uncaught exception (server kept alive): listen EADDRINUSE: address already in use :::5000 {
  stack: 'Error: listen EADDRINUSE: address already in use :::5000\n' +
    '    at Server.setupListenHandle [as _listen2] (node:net:1940:16)\n' +
    '    at listenInCluster (node:net:1997:12)\n' +
    '    at Server.listen (node:net:2102:7)\n' +
    '    at <anonymous> (D:\\Mono5\\server\\index.ts:151:14)',
  error: Error: listen EADDRINUSE: address already in use :::5000
      at Server.setupListenHandle [as _listen2] (node:net:1940:16)
      at listenInCluster (node:net:1997:12)
      at Server.listen (node:net:2102:7)
      at <anonymous> (D:\Mono5\server\index.ts:151:14) {
    code: 'EADDRINUSE',
    errno: -4091,
    syscall: 'listen',
    address: '::',
    port: 5000
  }
}
