2026-03-03 13:24:56 -08:00: The ngrok service is not started.
2026-03-03 13:24:56 -08:00: 
2026-03-03 13:24:56 -08:00: More help is available by typing NET HELPMSG 3521.
2026-03-03 13:24:56 -08:00: 
2026-03-03 13:24:56 -08:00: System error 5 has occurred.
2026-03-03 13:24:56 -08:00: 
2026-03-03 13:24:56 -08:00: Access is denied.
2026-03-03 13:24:56 -08:00: 
2026-03-03 13:24:56 -08:00: System error 5 has occurred.
2026-03-03 13:24:56 -08:00: 
2026-03-03 13:24:56 -08:00: Access is denied.
2026-03-03 13:24:56 -08:00: 
2026-03-08 14:11:35 -07:00: System error 5 has occurred.
2026-03-08 14:11:35 -07:00: 
2026-03-08 14:11:35 -07:00: Access is denied.
2026-03-08 14:11:35 -07:00: 
2026-03-08 14:11:35 -07:00: System error 5 has occurred.
2026-03-08 14:11:35 -07:00: 
2026-03-08 14:11:35 -07:00: Access is denied.
2026-03-08 14:11:35 -07:00: 
2026-03-08 14:11:35 -07:00: System error 5 has occurred.
2026-03-08 14:11:35 -07:00: 
2026-03-08 14:11:35 -07:00: Access is denied.
2026-03-08 14:11:35 -07:00: 
